<?xml version="1.0" encoding="UTF-8"?>
<!-- Generated by org.testng.reporters.JUnitReportReporter -->
<testsuite hostname="AMITSRIVASTAVA" name="com.ipeas.glueserver.UI.automation.TestSearchFailureTypeCDNInFailedTab" tests="1" failures="0" timestamp="1 Feb 2017 13:25:07 GMT" time="9.321" errors="0">
  <testcase name="testSearchFailureTypeCDNInFailedTab" time="9.321" classname="com.ipeas.glueserver.UI.automation.TestSearchFailureTypeCDNInFailedTab"/>
</testsuite> <!-- com.ipeas.glueserver.UI.automation.TestSearchFailureTypeCDNInFailedTab -->
