<?xml version="1.0" encoding="UTF-8"?>
<!-- Generated by org.testng.reporters.JUnitReportReporter -->
<testsuite hostname="AMITSRIVASTAVA" name="com.ipeas.monitoring.ui.automation.TestAddFipsCode" tests="1" failures="0" timestamp="20 Jan 2017 12:13:45 GMT" time="18.500" errors="0">
  <testcase name="testAddFipsCodeFromViewEditTab" time="18.500" classname="com.ipeas.monitoring.ui.automation.TestAddFipsCode"/>
</testsuite> <!-- com.ipeas.monitoring.ui.automation.TestAddFipsCode -->
