<?xml version="1.0" encoding="UTF-8"?>
<!-- Generated by org.testng.reporters.JUnitReportReporter -->
<testsuite hostname="AMITSRIVASTAVA" name="com.ipeas.verifysnmp.automation.ServerStatusTests" tests="2" failures="0" timestamp="27 Mar 2017 07:56:59 GMT" time="107.813" errors="0">
  <testcase name="testEastServerStatus" time="53.663" classname="com.ipeas.verifysnmp.automation.ServerStatusTests"/>
  <testcase name="testWestServerStatus" time="54.150" classname="com.ipeas.verifysnmp.automation.ServerStatusTests"/>
</testsuite> <!-- com.ipeas.verifysnmp.automation.ServerStatusTests -->
