<?xml version="1.0" encoding="UTF-8"?>
<!-- Generated by org.testng.reporters.JUnitReportReporter -->
<testsuite hostname="AMITSRIVASTAVA" name="com.ipeas.alerts.CollectorTests" tests="2" failures="0" timestamp="1 Feb 2017 13:25:07 GMT" time="43.116" errors="0">
  <testcase name="testSendAlert" time="27.788" classname="com.ipeas.alerts.CollectorTests"/>
  <testcase name="testLogin" time="15.328" classname="com.ipeas.alerts.CollectorTests"/>
</testsuite> <!-- com.ipeas.alerts.CollectorTests -->
