<?xml version="1.0" encoding="UTF-8"?>
<!-- Generated by org.testng.reporters.JUnitReportReporter -->
<testsuite hostname="AMITSRIVASTAVA" name="com.ipeas.verifysnmp.automation.SnmpTrapForVpnsTests" tests="1" failures="0" timestamp="27 Mar 2017 09:31:17 GMT" time="16.069" errors="0">
  <testcase name="checkVPNSTrap" time="16.069" classname="com.ipeas.verifysnmp.automation.SnmpTrapForVpnsTests"/>
</testsuite> <!-- com.ipeas.verifysnmp.automation.SnmpTrapForVpnsTests -->
