<?xml version="1.0" encoding="UTF-8"?>
<!-- Generated by org.testng.reporters.JUnitReportReporter -->
<testsuite hostname="AMITSRIVASTAVA" name="com.ipeas.alerts.GlueServerAlertTests" tests="1" failures="0" timestamp="1 Feb 2017 13:25:07 GMT" time="14.033" errors="0">
  <testcase name="testVerifyAlerts" time="14.033" classname="com.ipeas.alerts.GlueServerAlertTests"/>
</testsuite> <!-- com.ipeas.alerts.GlueServerAlertTests -->
