<?xml version="1.0" encoding="UTF-8"?>
<!-- Generated by org.testng.reporters.JUnitReportReporter -->
<testsuite hostname="AMITSRIVASTAVA" name="com.ipeas.monitoring.ui.automation.TestIpeasFailedTab" tests="1" failures="0" timestamp="19 Jan 2017 10:24:29 GMT" time="4.354" errors="0">
  <testcase name="testIpeasFailedTab" time="4.354" classname="com.ipeas.monitoring.ui.automation.TestIpeasFailedTab"/>
</testsuite> <!-- com.ipeas.monitoring.ui.automation.TestIpeasFailedTab -->
