<?xml version="1.0" encoding="UTF-8"?>
<!-- Generated by org.testng.reporters.JUnitReportReporter -->
<testsuite hostname="AMITSRIVASTAVA" name="com.ipeas.verifysnmp.automation.PeerFailureSnmpTests" tests="1" failures="0" timestamp="27 Mar 2017 07:56:59 GMT" time="7.526" errors="0">
  <testcase name="checkPeerFailureSnmp" time="7.526" classname="com.ipeas.verifysnmp.automation.PeerFailureSnmpTests"/>
</testsuite> <!-- com.ipeas.verifysnmp.automation.PeerFailureSnmpTests -->
