<?xml version="1.0" encoding="UTF-8"?>
<!-- Generated by org.testng.reporters.JUnitReportReporter -->
<testsuite hostname="AMITSRIVASTAVA" name="com.ipeas.glueserver.UI.automation.TestSearchAlertIDInFailedTab" tests="1" failures="0" timestamp="1 Feb 2017 13:25:07 GMT" time="9.633" errors="0">
  <testcase name="testSearchAlertIDInFailedTab" time="9.633" classname="com.ipeas.glueserver.UI.automation.TestSearchAlertIDInFailedTab"/>
</testsuite> <!-- com.ipeas.glueserver.UI.automation.TestSearchAlertIDInFailedTab -->
