<?xml version="1.0" encoding="UTF-8"?>
<!-- Generated by org.testng.reporters.JUnitReportReporter -->
<testsuite hostname="AMITSRIVASTAVA" name="com.ipeas.alerts.CDNFailoverTest" tests="1" failures="0" timestamp="27 Mar 2017 07:56:59 GMT" time="76.359" errors="0">
  <testcase name="testCDNFailure" time="76.359" classname="com.ipeas.alerts.CDNFailoverTest"/>
</testsuite> <!-- com.ipeas.alerts.CDNFailoverTest -->
