<?xml version="1.0" encoding="UTF-8"?>
<!-- Generated by org.testng.reporters.JUnitReportReporter -->
<testsuite hostname="AMITSRIVASTAVA" name="com.ipeas.monitoring.ui.automation.TestIpeasReportTab" tests="1" failures="0" timestamp="1 Feb 2017 13:25:07 GMT" time="6.314" errors="0">
  <testcase name="testIpeasReportTab" time="6.314" classname="com.ipeas.monitoring.ui.automation.TestIpeasReportTab"/>
</testsuite> <!-- com.ipeas.monitoring.ui.automation.TestIpeasReportTab -->
