<?xml version="1.0" encoding="UTF-8"?>
<!-- Generated by org.testng.reporters.JUnitReportReporter -->
<testsuite hostname="AMITSRIVASTAVA" name="com.ipeas.monitoring.ui.automation.MonitoringUITests" tests="1" failures="0" timestamp="19 Jan 2017 10:24:30 GMT" time="6.832" errors="0">
  <testcase name="testLogin" time="6.832" classname="com.ipeas.monitoring.ui.automation.MonitoringUITests"/>
</testsuite> <!-- com.ipeas.monitoring.ui.automation.MonitoringUITests -->
