<?xml version="1.0" encoding="UTF-8"?>
<!-- Generated by org.testng.reporters.JUnitReportReporter -->
<testsuite hostname="AMITSRIVASTAVA" name="com.ipeas.glueserver.UI.automation.TestGluesServerUI" tests="1" failures="0" timestamp="1 Feb 2017 13:25:07 GMT" time="8.202" errors="0">
  <testcase name="testGlueServerLaunchPage" time="8.202" classname="com.ipeas.glueserver.UI.automation.TestGluesServerUI"/>
</testsuite> <!-- com.ipeas.glueserver.UI.automation.TestGluesServerUI -->
