<?xml version="1.0" encoding="UTF-8"?>
<!-- Generated by org.testng.reporters.JUnitReportReporter -->
<testsuite hostname="AMITSRIVASTAVA" name="com.ipeas.verifysnmp.automation.MysqlSnmpTrapTestsForWest" tests="1" failures="0" timestamp="27 Mar 2017 07:56:59 GMT" time="32.023" errors="0">
  <testcase name="checkMysqlTrap" time="32.023" classname="com.ipeas.verifysnmp.automation.MysqlSnmpTrapTestsForWest"/>
</testsuite> <!-- com.ipeas.verifysnmp.automation.MysqlSnmpTrapTestsForWest -->
