<?xml version="1.0" encoding="UTF-8"?>
<!-- Generated by org.testng.reporters.JUnitReportReporter -->
<testsuite hostname="AMITSRIVASTAVA" name="com.ipeas.verifysnmp.automation.HttpSnmpTrapTests" tests="1" failures="0" timestamp="27 Mar 2017 07:56:59 GMT" time="28.898" errors="0">
  <testcase name="checkHttpTrap" time="28.898" classname="com.ipeas.verifysnmp.automation.HttpSnmpTrapTests"/>
</testsuite> <!-- com.ipeas.verifysnmp.automation.HttpSnmpTrapTests -->
