<?xml version="1.0" encoding="UTF-8"?>
<!-- Generated by org.testng.reporters.JUnitReportReporter -->
<testsuite hostname="AMITSRIVASTAVA" name="com.ipeas.monitoring.ui.automation.TestSearchFipsCodeInFailedTab" tests="1" failures="0" timestamp="19 Jan 2017 10:56:23 GMT" time="7.484" errors="0">
  <testcase name="testSearchFipsCodeInFailedTab" time="7.484" classname="com.ipeas.monitoring.ui.automation.TestSearchFipsCodeInFailedTab"/>
</testsuite> <!-- com.ipeas.monitoring.ui.automation.TestSearchFipsCodeInFailedTab -->
