<?xml version="1.0" encoding="UTF-8"?>
<!-- Generated by org.testng.reporters.JUnitReportReporter -->
<testsuite hostname="AMITSRIVASTAVA" name="com.ipeas.monitoring.ui.automation.TestSearchEasCodeInIpeasReport" tests="1" failures="0" timestamp="19 Jan 2017 10:24:30 GMT" time="5.240" errors="0">
  <testcase name="testSearchEasCodeInIpeasReport" time="5.240" classname="com.ipeas.monitoring.ui.automation.TestSearchEasCodeInIpeasReport"/>
</testsuite> <!-- com.ipeas.monitoring.ui.automation.TestSearchEasCodeInIpeasReport -->
