<?xml version="1.0" encoding="UTF-8"?>
<!-- Generated by org.testng.reporters.JUnitReportReporter -->
<testsuite hostname="AMITSRIVASTAVA" name="com.ipeas.glueserver.UI.automation.TestSearchFailureTypeVpnsInFailedTab" tests="1" failures="0" timestamp="1 Feb 2017 13:25:07 GMT" time="8.547" errors="0">
  <testcase name="testSearchFailureTypeVpnsInFailedTab" time="8.547" classname="com.ipeas.glueserver.UI.automation.TestSearchFailureTypeVpnsInFailedTab"/>
</testsuite> <!-- com.ipeas.glueserver.UI.automation.TestSearchFailureTypeVpnsInFailedTab -->
