<?xml version="1.0" encoding="UTF-8"?>
<!-- Generated by org.testng.reporters.JUnitReportReporter -->
<testsuite hostname="AMITSRIVASTAVA" name="com.ipeas.glueserver.UI.automation.TestGlueServerCDNUrl" tests="1" failures="0" timestamp="1 Feb 2017 15:23:56 GMT" time="4.556" errors="0">
  <testcase name="testGlueServerCDNUrl" time="4.556" classname="com.ipeas.glueserver.UI.automation.TestGlueServerCDNUrl"/>
</testsuite> <!-- com.ipeas.glueserver.UI.automation.TestGlueServerCDNUrl -->
