<?xml version="1.0" encoding="UTF-8"?>
<!-- Generated by org.testng.reporters.JUnitReportReporter -->
<testsuite hostname="AMITSRIVASTAVA" name="com.ipeas.monitoring.ui.automation.TestDeleteFipsCode" tests="1" failures="0" timestamp="1 Feb 2017 15:23:56 GMT" time="15.070" errors="0">
  <testcase name="testDeleteFipsCodeButtonInMonitoring" time="15.070" classname="com.ipeas.monitoring.ui.automation.TestDeleteFipsCode"/>
</testsuite> <!-- com.ipeas.monitoring.ui.automation.TestDeleteFipsCode -->
