<?xml version="1.0" encoding="UTF-8"?>
<!-- Generated by org.testng.reporters.JUnitReportReporter -->
<testsuite hostname="AMITSRIVASTAVA" name="com.ipeas.alerts.VPNSFailoverTest" tests="1" failures="0" timestamp="27 Mar 2017 09:14:49 GMT" time="76.433" errors="0">
  <testcase name="testVPNSFailure" time="76.433" classname="com.ipeas.alerts.VPNSFailoverTest"/>
</testsuite> <!-- com.ipeas.alerts.VPNSFailoverTest -->
