<?xml version="1.0" encoding="UTF-8"?>
<!-- Generated by org.testng.reporters.JUnitReportReporter -->
<testsuite hostname="AMITSRIVASTAVA" name="com.ipeas.monitoring.ui.automation.TestSearchDateInIpeasReport" tests="1" failures="0" timestamp="1 Feb 2017 15:23:56 GMT" time="12.919" errors="0">
  <testcase name="testSearchDateInIpeasReport" time="12.919" classname="com.ipeas.monitoring.ui.automation.TestSearchDateInIpeasReport"/>
</testsuite> <!-- com.ipeas.monitoring.ui.automation.TestSearchDateInIpeasReport -->
