<?xml version="1.0" encoding="UTF-8"?>
<!-- Generated by org.testng.reporters.JUnitReportReporter -->
<testsuite hostname="AMITSRIVASTAVA" name="com.ipeas.monitoring.ui.automation.TestSearchFipsCodeInViewEditTab" tests="1" failures="0" timestamp="1 Feb 2017 15:23:57 GMT" time="8.946" errors="0">
  <testcase name="testSearchFipsCodeInViewEditTab" time="8.946" classname="com.ipeas.monitoring.ui.automation.TestSearchFipsCodeInViewEditTab"/>
</testsuite> <!-- com.ipeas.monitoring.ui.automation.TestSearchFipsCodeInViewEditTab -->
