<?xml version="1.0" encoding="UTF-8"?>
<!-- Generated by org.testng.reporters.JUnitReportReporter -->
<testsuite hostname="AMITSRIVASTAVA" name="com.ipeas.verifysnmp.automation.CdnSnmpTrapTests" tests="1" failures="0" timestamp="27 Mar 2017 09:14:49 GMT" time="14.334" errors="0">
  <testcase name="checkCDNTrap" time="14.334" classname="com.ipeas.verifysnmp.automation.CdnSnmpTrapTests"/>
</testsuite> <!-- com.ipeas.verifysnmp.automation.CdnSnmpTrapTests -->
