<?xml version="1.0" encoding="UTF-8"?>
<!-- Generated by org.testng.reporters.JUnitReportReporter -->
<testsuite hostname="AMITSRIVASTAVA" name="com.ipeas.monitoring.ui.automation.TestSearchEasCodeInIpeasReport" tests="1" failures="0" timestamp="1 Feb 2017 15:23:56 GMT" time="5.269" errors="0">
  <testcase name="testSearchEasCodeInIpeasReport" time="5.269" classname="com.ipeas.monitoring.ui.automation.TestSearchEasCodeInIpeasReport"/>
</testsuite> <!-- com.ipeas.monitoring.ui.automation.TestSearchEasCodeInIpeasReport -->
