<?xml version="1.0" encoding="UTF-8"?>
<!-- Generated by org.testng.reporters.JUnitReportReporter -->
<testsuite hostname="AMITSRIVASTAVA" name="com.ipeas.alerts.MonitoringAlertTests" tests="1" failures="0" timestamp="1 Feb 2017 15:23:57 GMT" time="39.941" errors="0">
  <testcase name="testVerifyAlerts" time="39.941" classname="com.ipeas.alerts.MonitoringAlertTests"/>
</testsuite> <!-- com.ipeas.alerts.MonitoringAlertTests -->
