<?xml version="1.0" encoding="UTF-8"?>
<!-- Generated by org.testng.reporters.JUnitReportReporter -->
<testsuite hostname="AMITSRIVASTAVA" name="com.ipeas.alerts.CollectorTests" tests="2" failures="0" timestamp="1 Feb 2017 15:23:56 GMT" time="39.738" errors="0">
  <testcase name="testLogin" time="15.682" classname="com.ipeas.alerts.CollectorTests"/>
  <testcase name="testSendAlert" time="24.056" classname="com.ipeas.alerts.CollectorTests"/>
</testsuite> <!-- com.ipeas.alerts.CollectorTests -->
