<?xml version="1.0" encoding="UTF-8"?>
<!-- Generated by org.testng.reporters.JUnitReportReporter -->
<testsuite hostname="AMITSRIVASTAVA" name="com.ipeas.monitoring.ui.automation.MonitoringUrlTest" tests="1" failures="0" timestamp="1 Feb 2017 15:23:56 GMT" time="6.156" errors="0">
  <testcase name="testMonitoringUrl" time="6.156" classname="com.ipeas.monitoring.ui.automation.MonitoringUrlTest"/>
</testsuite> <!-- com.ipeas.monitoring.ui.automation.MonitoringUrlTest -->
