<?xml version="1.0" encoding="UTF-8"?>
<!-- Generated by org.testng.reporters.JUnitReportReporter -->
<testsuite hostname="AMITSRIVASTAVA" name="com.ipeas.monitoring.ui.automation.TestViewEditFipsCodeTab" tests="1" failures="0" timestamp="1 Feb 2017 15:23:57 GMT" time="4.545" errors="0">
  <testcase name="testViewEditFipsCodeTab" time="4.545" classname="com.ipeas.monitoring.ui.automation.TestViewEditFipsCodeTab"/>
</testsuite> <!-- com.ipeas.monitoring.ui.automation.TestViewEditFipsCodeTab -->
