<?xml version="1.0" encoding="UTF-8"?>
<!-- Generated by org.testng.reporters.JUnitReportReporter -->
<testsuite hostname="AMITSRIVASTAVA" name="com.ipeas.glueserver.UI.automation.TestSearchAlertIDInProcessedTab" tests="1" failures="0" timestamp="1 Feb 2017 15:23:57 GMT" time="7.828" errors="0">
  <testcase name="testSearchAlertIDInProcessedTab" time="7.828" classname="com.ipeas.glueserver.UI.automation.TestSearchAlertIDInProcessedTab"/>
</testsuite> <!-- com.ipeas.glueserver.UI.automation.TestSearchAlertIDInProcessedTab -->
