<?xml version="1.0" encoding="UTF-8"?>
<!-- Generated by org.testng.reporters.JUnitReportReporter -->
<testsuite hostname="AMITSRIVASTAVA" name="com.ipeas.verifysnmp.automation.ServerStatusTests" tests="2" failures="0" timestamp="27 Mar 2017 09:14:49 GMT" time="109.317" errors="0">
  <testcase name="testWestServerStatus" time="53.888" classname="com.ipeas.verifysnmp.automation.ServerStatusTests"/>
  <testcase name="testEastServerStatus" time="55.429" classname="com.ipeas.verifysnmp.automation.ServerStatusTests"/>
</testsuite> <!-- com.ipeas.verifysnmp.automation.ServerStatusTests -->
