<?xml version="1.0" encoding="UTF-8"?>
<!-- Generated by org.testng.reporters.JUnitReportReporter -->
<testsuite hostname="AMITSRIVASTAVA" name="com.ipeas.alerts.GlueServerAlertTests" tests="1" failures="0" timestamp="1 Feb 2017 15:23:57 GMT" time="12.892" errors="0">
  <testcase name="testVerifyAlerts" time="12.892" classname="com.ipeas.alerts.GlueServerAlertTests"/>
</testsuite> <!-- com.ipeas.alerts.GlueServerAlertTests -->
