<?xml version="1.0" encoding="UTF-8"?>
<!-- Generated by org.testng.reporters.JUnitReportReporter -->
<testsuite hostname="AMITSRIVASTAVA" name="com.ipeas.alerts.PeerFailureTest" tests="1" failures="0" timestamp="27 Mar 2017 09:14:49 GMT" time="127.262" errors="0">
  <testcase name="testPeerFailure" time="127.262" classname="com.ipeas.alerts.PeerFailureTest"/>
</testsuite> <!-- com.ipeas.alerts.PeerFailureTest -->
