<?xml version="1.0" encoding="UTF-8"?>
<!-- Generated by org.testng.reporters.JUnitReportReporter -->
<testsuite hostname="AMITSRIVASTAVA" name="com.ipeas.monitoring.ui.automation.MonitoringUITests" tests="1" failures="0" timestamp="18 Jan 2017 13:12:02 GMT" time="8.342" errors="0">
  <testcase name="testLogin" time="8.342" classname="com.ipeas.monitoring.ui.automation.MonitoringUITests"/>
</testsuite> <!-- com.ipeas.monitoring.ui.automation.MonitoringUITests -->
