<?xml version="1.0" encoding="UTF-8"?>
<!-- Generated by org.testng.reporters.JUnitReportReporter -->
<testsuite hostname="AMITSRIVASTAVA" name="com.ipeas.monitoring.ui.automation.TestSearchDateInFailedTab" tests="1" failures="0" timestamp="1 Feb 2017 15:23:56 GMT" time="15.598" errors="0">
  <testcase name="testSearchDateInFailedTab" time="15.598" classname="com.ipeas.monitoring.ui.automation.TestSearchDateInFailedTab"/>
</testsuite> <!-- com.ipeas.monitoring.ui.automation.TestSearchDateInFailedTab -->
