<?xml version="1.0" encoding="UTF-8"?>
<!-- Generated by org.testng.reporters.JUnitReportReporter -->
<testsuite hostname="AMITSRIVASTAVA" name="com.ipeas.verifysnmp.automation.MysqlSnmpTrapTests" tests="1" failures="0" timestamp="27 Mar 2017 09:14:49 GMT" time="33.970" errors="0">
  <testcase name="checkMysqlTrap" time="33.970" classname="com.ipeas.verifysnmp.automation.MysqlSnmpTrapTests"/>
</testsuite> <!-- com.ipeas.verifysnmp.automation.MysqlSnmpTrapTests -->
