<?xml version="1.0" encoding="UTF-8"?>
<!-- Generated by org.testng.reporters.JUnitReportReporter -->
<testsuite hostname="AMITSRIVASTAVA" name="com.ipeas.glueserver.UI.automation.TestSearchFipsCodeInProcessedTab" tests="1" failures="0" timestamp="1 Feb 2017 15:23:56 GMT" time="5.890" errors="0">
  <testcase name="testSearchFipsCodeInProcessedTab" time="5.890" classname="com.ipeas.glueserver.UI.automation.TestSearchFipsCodeInProcessedTab"/>
</testsuite> <!-- com.ipeas.glueserver.UI.automation.TestSearchFipsCodeInProcessedTab -->
