<?xml version="1.0" encoding="UTF-8"?>
<!-- Generated by org.testng.reporters.JUnitReportReporter -->
<testsuite hostname="AMITSRIVASTAVA" name="com.ipeas.verifysnmp.automation.JettySnmpTrapTestsForWest" tests="1" failures="0" timestamp="27 Mar 2017 09:14:49 GMT" time="38.052" errors="0">
  <testcase name="checkJettyTrap" time="38.052" classname="com.ipeas.verifysnmp.automation.JettySnmpTrapTestsForWest"/>
</testsuite> <!-- com.ipeas.verifysnmp.automation.JettySnmpTrapTestsForWest -->
